<?xml version="1.0" encoding="UTF-8"?>
<!-- Generated by org.testng.reporters.JUnitReportReporter -->
<testsuite hostname="WKWIN3761557" failures="0" tests="1" name="Framework.TC02" time="2.511" errors="0" timestamp="2022-07-09T12:56:14 IST" skipped="0">
  <testcase classname="Framework.TC02" name="getResponse" time="2.511"/>
  <system-out/>
</testsuite> <!-- Framework.TC02 -->
