<?xml version="1.0" encoding="UTF-8"?>
<!-- Generated by org.testng.reporters.JUnitReportReporter -->
<testsuite hostname="WKWIN3761557" failures="0" tests="1" name="Framework.TC03" time="4.586" errors="0" timestamp="2022-07-08T17:56:34 IST" skipped="0">
  <testcase classname="Framework.TC03" name="postRequest" time="4.586"/>
  <system-out/>
</testsuite> <!-- Framework.TC03 -->
