<?xml version="1.0" encoding="UTF-8"?>
<!-- Generated by org.testng.reporters.JUnitReportReporter -->
<testsuite hostname="WKWIN3761557" failures="0" tests="1" name="Framework.TestCases.TC01" time="0.011" errors="0" timestamp="2022-07-12T14:18:58 IST" skipped="0">
  <testcase classname="Framework.TestCases.TC01" name="getRequest" time="0.011"/>
  <system-out/>
</testsuite> <!-- Framework.TestCases.TC01 -->
